<?xml version="1.0" encoding="UTF-8"?>
<!-- Generated by org.testng.reporters.JUnitXMLReporter -->
<testsuite ignored="2" hostname="INCHNDL7151BSNC" failures="0" tests="3" name="Test" time="53.254" errors="0" timestamp="2024-02-06T17:12:27 IST">
  <testcase classname="com.sf.qa.testcases.LoginPageTest" name="verifyHomePage" time="7.43"/>
  <testcase classname="com.sf.qa.testcases.LoginPageTest" name="verifyHomePage_1" time="7.694"/>
  <testcase classname="com.sf.qa.testcases.CasePageTest" name="verifycreateCaseTestCase" time="23.902"/>
  <testcase classname="com.sf.qa.base.TestBase" name="@AfterTest flushExtent" time="0.0">
    <ignored/>
  </testcase> <!-- @AfterTest flushExtent -->
  <testcase classname="com.sf.qa.base.TestBase" name="@BeforeSuite beforeSuite" time="0.0">
    <ignored/>
  </testcase> <!-- @BeforeSuite beforeSuite -->
</testsuite> <!-- Test -->
